<?xml version="1.0" encoding="UTF-8"?>
<coverage generated="1567361113952" clover="3.2.0">
  <project timestamp="1567361113952" name="All files">
    <metrics statements="108" coveredstatements="94" conditionals="23" coveredconditionals="18" methods="40" coveredmethods="26" elements="171" coveredelements="138" complexity="0" loc="108" ncloc="108" packages="6" files="16" classes="16">
      <package name="actions">
        <metrics statements="15" coveredstatements="15" conditionals="0" coveredconditionals="0" methods="9" coveredmethods="9"/>
        <file name="index.js" path="/Users/emilio/Desktop/image-search/src/actions/index.js">
          <metrics statements="10" coveredstatements="10" conditionals="0" coveredconditionals="0" methods="9" coveredmethods="9"/>
          <line num="13" count="4" type="stmt"/>
          <line num="20" count="4" type="stmt"/>
          <line num="21" count="2" type="stmt"/>
          <line num="22" count="2" type="stmt"/>
          <line num="25" count="1" type="stmt"/>
          <line num="28" count="1" type="stmt"/>
          <line num="32" count="4" type="stmt"/>
          <line num="36" count="4" type="stmt"/>
          <line num="45" count="4" type="stmt"/>
          <line num="52" count="4" type="stmt"/>
        </file>
        <file name="types.js" path="/Users/emilio/Desktop/image-search/src/actions/types.js">
          <metrics statements="5" coveredstatements="5" conditionals="0" coveredconditionals="0" methods="0" coveredmethods="0"/>
          <line num="1" count="5" type="stmt"/>
          <line num="2" count="5" type="stmt"/>
          <line num="3" count="5" type="stmt"/>
          <line num="4" count="5" type="stmt"/>
          <line num="5" count="5" type="stmt"/>
        </file>
      </package>
      <package name="components">
        <metrics statements="17" coveredstatements="15" conditionals="4" coveredconditionals="2" methods="8" coveredmethods="6"/>
        <file name="App.js" path="/Users/emilio/Desktop/image-search/src/components/App.js">
          <metrics statements="2" coveredstatements="2" conditionals="0" coveredconditionals="0" methods="1" coveredmethods="1"/>
          <line num="7" count="1" type="stmt"/>
          <line num="8" count="2" type="stmt"/>
        </file>
        <file name="Footer.js" path="/Users/emilio/Desktop/image-search/src/components/Footer.js">
          <metrics statements="2" coveredstatements="2" conditionals="0" coveredconditionals="0" methods="1" coveredmethods="1"/>
          <line num="5" count="2" type="stmt"/>
          <line num="6" count="3" type="stmt"/>
        </file>
        <file name="Header.js" path="/Users/emilio/Desktop/image-search/src/components/Header.js">
          <metrics statements="2" coveredstatements="2" conditionals="0" coveredconditionals="0" methods="1" coveredmethods="1"/>
          <line num="5" count="2" type="stmt"/>
          <line num="6" count="3" type="stmt"/>
        </file>
        <file name="Image.js" path="/Users/emilio/Desktop/image-search/src/components/Image.js">
          <metrics statements="7" coveredstatements="5" conditionals="4" coveredconditionals="2" methods="3" coveredmethods="1"/>
          <line num="16" count="0" type="stmt"/>
          <line num="20" count="0" type="stmt"/>
          <line num="24" count="3" type="stmt"/>
          <line num="25" count="3" type="stmt"/>
          <line num="27" count="3" type="stmt"/>
          <line num="29" count="3" type="stmt"/>
          <line num="50" count="2" type="stmt"/>
        </file>
        <file name="Main.js" path="/Users/emilio/Desktop/image-search/src/components/Main.js">
          <metrics statements="2" coveredstatements="2" conditionals="0" coveredconditionals="0" methods="1" coveredmethods="1"/>
          <line num="8" count="1" type="stmt"/>
          <line num="9" count="2" type="stmt"/>
        </file>
        <file name="SearchArea.js" path="/Users/emilio/Desktop/image-search/src/components/SearchArea.js">
          <metrics statements="2" coveredstatements="2" conditionals="0" coveredconditionals="0" methods="1" coveredmethods="1"/>
          <line num="8" count="2" type="stmt"/>
          <line num="9" count="3" type="stmt"/>
        </file>
      </package>
      <package name="config">
        <metrics statements="11" coveredstatements="11" conditionals="0" coveredconditionals="0" methods="0" coveredmethods="0"/>
        <file name="constants.js" path="/Users/emilio/Desktop/image-search/src/config/constants.js">
          <metrics statements="11" coveredstatements="11" conditionals="0" coveredconditionals="0" methods="0" coveredmethods="0"/>
          <line num="9" count="7" type="stmt"/>
          <line num="10" count="7" type="stmt"/>
          <line num="11" count="7" type="stmt"/>
          <line num="12" count="7" type="stmt"/>
          <line num="13" count="7" type="stmt"/>
          <line num="14" count="7" type="stmt"/>
          <line num="15" count="7" type="stmt"/>
          <line num="18" count="7" type="stmt"/>
          <line num="19" count="7" type="stmt"/>
          <line num="21" count="7" type="stmt"/>
          <line num="23" count="7" type="stmt"/>
        </file>
      </package>
      <package name="containers">
        <metrics statements="48" coveredstatements="36" conditionals="12" coveredconditionals="9" methods="17" coveredmethods="7"/>
        <file name="ClearSearch.js" path="/Users/emilio/Desktop/image-search/src/containers/ClearSearch.js">
          <metrics statements="10" coveredstatements="7" conditionals="0" coveredconditionals="0" methods="5" coveredmethods="2"/>
          <line num="9" count="1" type="stmt"/>
          <line num="10" count="8" type="stmt"/>
          <line num="11" count="1" type="stmt"/>
          <line num="14" count="8" type="stmt"/>
          <line num="27" count="1" type="stmt"/>
          <line num="28" count="0" type="stmt"/>
          <line num="34" count="1" type="stmt"/>
          <line num="35" count="0" type="stmt"/>
          <line num="36" count="0" type="stmt"/>
          <line num="40" count="1" type="stmt"/>
        </file>
        <file name="Gallery.js" path="/Users/emilio/Desktop/image-search/src/containers/Gallery.js">
          <metrics statements="17" coveredstatements="12" conditionals="6" coveredconditionals="5" methods="5" coveredmethods="1"/>
          <line num="16" count="1" type="stmt"/>
          <line num="17" count="8" type="stmt"/>
          <line num="18" count="0" type="stmt"/>
          <line num="21" count="8" type="cond" truecount="2" falsecount="0"/>
          <line num="22" count="1" type="stmt"/>
          <line num="31" count="7" type="cond" truecount="2" falsecount="0"/>
          <line num="32" count="6" type="stmt"/>
          <line num="35" count="1" type="stmt"/>
          <line num="37" count="1" type="cond" truecount="1" falsecount="1"/>
          <line num="38" count="1" type="stmt"/>
          <line num="41" count="0" type="stmt"/>
          <line num="52" count="0" type="stmt"/>
          <line num="74" count="1" type="stmt"/>
          <line num="75" count="0" type="stmt"/>
          <line num="78" count="1" type="stmt"/>
          <line num="79" count="0" type="stmt"/>
          <line num="88" count="1" type="stmt"/>
        </file>
        <file name="Search.js" path="/Users/emilio/Desktop/image-search/src/containers/Search.js">
          <metrics statements="13" coveredstatements="11" conditionals="2" coveredconditionals="1" methods="5" coveredmethods="3"/>
          <line num="11" count="1" type="stmt"/>
          <line num="12" count="5" type="stmt"/>
          <line num="13" count="1" type="stmt"/>
          <line num="16" count="5" type="stmt"/>
          <line num="17" count="1" type="stmt"/>
          <line num="18" count="1" type="cond" truecount="1" falsecount="1"/>
          <line num="19" count="1" type="stmt"/>
          <line num="22" count="5" type="stmt"/>
          <line num="40" count="1" type="stmt"/>
          <line num="41" count="0" type="stmt"/>
          <line num="46" count="1" type="stmt"/>
          <line num="47" count="0" type="stmt"/>
          <line num="50" count="1" type="stmt"/>
        </file>
        <file name="Status.js" path="/Users/emilio/Desktop/image-search/src/containers/Status.js">
          <metrics statements="8" coveredstatements="6" conditionals="4" coveredconditionals="3" methods="2" coveredmethods="1"/>
          <line num="9" count="1" type="stmt"/>
          <line num="10" count="7" type="cond" truecount="1" falsecount="1"/>
          <line num="11" count="0" type="stmt"/>
          <line num="15" count="7" type="cond" truecount="2" falsecount="0"/>
          <line num="16" count="7" type="stmt"/>
          <line num="19" count="1" type="stmt"/>
          <line num="20" count="0" type="stmt"/>
          <line num="25" count="1" type="stmt"/>
        </file>
      </package>
      <package name="reducers">
        <metrics statements="15" coveredstatements="15" conditionals="7" coveredconditionals="7" methods="5" coveredmethods="3"/>
        <file name="search.js" path="/Users/emilio/Desktop/image-search/src/reducers/search.js">
          <metrics statements="9" coveredstatements="9" conditionals="7" coveredconditionals="7" methods="1" coveredmethods="1"/>
          <line num="9" count="1" type="stmt"/>
          <line num="17" count="1" type="cond" truecount="1" falsecount="0"/>
          <line num="18" count="6" type="cond" truecount="6" falsecount="0"/>
          <line num="20" count="1" type="stmt"/>
          <line num="25" count="1" type="stmt"/>
          <line num="34" count="1" type="stmt"/>
          <line num="40" count="1" type="stmt"/>
          <line num="44" count="1" type="stmt"/>
          <line num="49" count="1" type="stmt"/>
        </file>
        <file name="selectors.js" path="/Users/emilio/Desktop/image-search/src/reducers/selectors.js">
          <metrics statements="6" coveredstatements="6" conditionals="0" coveredconditionals="0" methods="4" coveredmethods="2"/>
          <line num="4" count="4" type="stmt"/>
          <line num="6" count="4" type="stmt"/>
          <line num="9" count="1" type="stmt"/>
          <line num="18" count="4" type="stmt"/>
          <line num="20" count="4" type="stmt"/>
          <line num="22" count="1" type="stmt"/>
        </file>
      </package>
      <package name="utils">
        <metrics statements="2" coveredstatements="2" conditionals="0" coveredconditionals="0" methods="1" coveredmethods="1"/>
        <file name="index.js" path="/Users/emilio/Desktop/image-search/src/utils/index.js">
          <metrics statements="2" coveredstatements="2" conditionals="0" coveredconditionals="0" methods="1" coveredmethods="1"/>
          <line num="11" count="5" type="stmt"/>
          <line num="12" count="3" type="stmt"/>
        </file>
      </package>
    </metrics>
  </project>
</coverage>
