{"/Users/emilio/Desktop/image-search/src/actions/index.js": {"path":"/Users/emilio/Desktop/image-search/src/actions/index.js","statementMap":{"0":{"start":{"line":13,"column":29},"end":{"line":18,"column":2}},"1":{"start":{"line":13,"column":41},"end":{"line":18,"column":1}},"2":{"start":{"line":20,"column":27},"end":{"line":30,"column":1}},"3":{"start":{"line":20,"column":46},"end":{"line":30,"column":1}},"4":{"start":{"line":21,"column":2},"end":{"line":21,"column":31}},"5":{"start":{"line":22,"column":2},"end":{"line":29,"column":6}},"6":{"start":{"line":25,"column":6},"end":{"line":25,"column":59}},"7":{"start":{"line":28,"column":6},"end":{"line":28,"column":47}},"8":{"start":{"line":32,"column":26},"end":{"line":34,"column":2}},"9":{"start":{"line":32,"column":33},"end":{"line":34,"column":1}},"10":{"start":{"line":36,"column":27},"end":{"line":43,"column":2}},"11":{"start":{"line":36,"column":55},"end":{"line":43,"column":1}},"12":{"start":{"line":45,"column":27},"end":{"line":50,"column":2}},"13":{"start":{"line":45,"column":37},"end":{"line":50,"column":1}},"14":{"start":{"line":52,"column":27},"end":{"line":54,"column":2}},"15":{"start":{"line":52,"column":34},"end":{"line":54,"column":1}}},"fnMap":{"0":{"name":"(anonymous_0)","decl":{"start":{"line":13,"column":29},"end":{"line":13,"column":30}},"loc":{"start":{"line":13,"column":41},"end":{"line":18,"column":1}},"line":13},"1":{"name":"(anonymous_1)","decl":{"start":{"line":20,"column":27},"end":{"line":20,"column":28}},"loc":{"start":{"line":20,"column":46},"end":{"line":30,"column":1}},"line":20},"2":{"name":"(anonymous_2)","decl":{"start":{"line":20,"column":46},"end":{"line":20,"column":47}},"loc":{"start":{"line":20,"column":58},"end":{"line":30,"column":1}},"line":20},"3":{"name":"(anonymous_3)","decl":{"start":{"line":24,"column":10},"end":{"line":24,"column":11}},"loc":{"start":{"line":24,"column":17},"end":{"line":26,"column":5}},"line":24},"4":{"name":"(anonymous_4)","decl":{"start":{"line":27,"column":11},"end":{"line":27,"column":12}},"loc":{"start":{"line":27,"column":18},"end":{"line":29,"column":5}},"line":27},"5":{"name":"(anonymous_5)","decl":{"start":{"line":32,"column":26},"end":{"line":32,"column":27}},"loc":{"start":{"line":32,"column":33},"end":{"line":34,"column":1}},"line":32},"6":{"name":"(anonymous_6)","decl":{"start":{"line":36,"column":27},"end":{"line":36,"column":28}},"loc":{"start":{"line":36,"column":55},"end":{"line":43,"column":1}},"line":36},"7":{"name":"(anonymous_7)","decl":{"start":{"line":45,"column":27},"end":{"line":45,"column":28}},"loc":{"start":{"line":45,"column":37},"end":{"line":50,"column":1}},"line":45},"8":{"name":"(anonymous_8)","decl":{"start":{"line":52,"column":27},"end":{"line":52,"column":28}},"loc":{"start":{"line":52,"column":34},"end":{"line":54,"column":1}},"line":52}},"branchMap":{},"s":{"0":4,"1":1,"2":4,"3":2,"4":2,"5":2,"6":1,"7":1,"8":4,"9":2,"10":4,"11":1,"12":4,"13":1,"14":4,"15":1},"f":{"0":1,"1":2,"2":2,"3":1,"4":1,"5":2,"6":1,"7":1,"8":1},"b":{},"_coverageSchema":"332fd63041d2c1bcb487cc26dd0d5f7d97098a6c","hash":"e4592655b228536bc0c67037471bd6ba31aea69b"}
,"/Users/emilio/Desktop/image-search/src/actions/types.js": {"path":"/Users/emilio/Desktop/image-search/src/actions/types.js","statementMap":{"0":{"start":{"line":1,"column":36},"end":{"line":1,"column":58}},"1":{"start":{"line":2,"column":36},"end":{"line":2,"column":58}},"2":{"start":{"line":3,"column":36},"end":{"line":3,"column":58}},"3":{"start":{"line":4,"column":28},"end":{"line":4,"column":42}},"4":{"start":{"line":5,"column":30},"end":{"line":5,"column":46}}},"fnMap":{},"branchMap":{},"s":{"0":5,"1":5,"2":5,"3":5,"4":5},"f":{},"b":{},"_coverageSchema":"332fd63041d2c1bcb487cc26dd0d5f7d97098a6c","hash":"98537cefcd6057a3d18e7b7615c4be9e35658e9f"}
,"/Users/emilio/Desktop/image-search/src/components/App.js": {"path":"/Users/emilio/Desktop/image-search/src/components/App.js","statementMap":{"0":{"start":{"line":7,"column":12},"end":{"line":15,"column":1}},"1":{"start":{"line":8,"column":2},"end":{"line":14,"column":3}}},"fnMap":{"0":{"name":"(anonymous_0)","decl":{"start":{"line":7,"column":12},"end":{"line":7,"column":13}},"loc":{"start":{"line":7,"column":18},"end":{"line":15,"column":1}},"line":7}},"branchMap":{},"s":{"0":1,"1":2},"f":{"0":2},"b":{},"_coverageSchema":"332fd63041d2c1bcb487cc26dd0d5f7d97098a6c","hash":"f1f16a29f86bf5af917cb60f8ee0564b875fc868"}
,"/Users/emilio/Desktop/image-search/src/components/Footer.js": {"path":"/Users/emilio/Desktop/image-search/src/components/Footer.js","statementMap":{"0":{"start":{"line":5,"column":15},"end":{"line":20,"column":1}},"1":{"start":{"line":6,"column":2},"end":{"line":19,"column":3}}},"fnMap":{"0":{"name":"(anonymous_0)","decl":{"start":{"line":5,"column":15},"end":{"line":5,"column":16}},"loc":{"start":{"line":5,"column":21},"end":{"line":20,"column":1}},"line":5}},"branchMap":{},"s":{"0":2,"1":3},"f":{"0":3},"b":{},"_coverageSchema":"332fd63041d2c1bcb487cc26dd0d5f7d97098a6c","hash":"13f76fd436949f5bab44cf9d233aa7758fad4656"}
,"/Users/emilio/Desktop/image-search/src/components/Header.js": {"path":"/Users/emilio/Desktop/image-search/src/components/Header.js","statementMap":{"0":{"start":{"line":5,"column":15},"end":{"line":16,"column":1}},"1":{"start":{"line":6,"column":2},"end":{"line":15,"column":3}}},"fnMap":{"0":{"name":"(anonymous_0)","decl":{"start":{"line":5,"column":15},"end":{"line":5,"column":16}},"loc":{"start":{"line":5,"column":21},"end":{"line":16,"column":1}},"line":5}},"branchMap":{},"s":{"0":2,"1":3},"f":{"0":3},"b":{},"_coverageSchema":"332fd63041d2c1bcb487cc26dd0d5f7d97098a6c","hash":"ebf912d16d2df8650fa239c28b6b05e05373a0c3"}
,"/Users/emilio/Desktop/image-search/src/components/Image.js": {"path":"/Users/emilio/Desktop/image-search/src/components/Image.js","statementMap":{"0":{"start":{"line":16,"column":4},"end":{"line":16,"column":35}},"1":{"start":{"line":20,"column":4},"end":{"line":20,"column":36}},"2":{"start":{"line":24,"column":61},"end":{"line":24,"column":71}},"3":{"start":{"line":25,"column":23},"end":{"line":25,"column":33}},"4":{"start":{"line":27,"column":30},"end":{"line":27,"column":65}},"5":{"start":{"line":29,"column":4},"end":{"line":46,"column":5}},"6":{"start":{"line":50,"column":0},"end":{"line":57,"column":1}}},"fnMap":{"0":{"name":"(anonymous_0)","decl":{"start":{"line":15,"column":17},"end":{"line":15,"column":18}},"loc":{"start":{"line":15,"column":23},"end":{"line":17,"column":3}},"line":15},"1":{"name":"(anonymous_1)","decl":{"start":{"line":19,"column":18},"end":{"line":19,"column":19}},"loc":{"start":{"line":19,"column":24},"end":{"line":21,"column":3}},"line":19},"2":{"name":"(anonymous_2)","decl":{"start":{"line":23,"column":11},"end":{"line":23,"column":12}},"loc":{"start":{"line":23,"column":17},"end":{"line":47,"column":3}},"line":23}},"branchMap":{"0":{"loc":{"start":{"line":35,"column":11},"end":{"line":35,"column":72}},"type":"cond-expr","locations":[{"start":{"line":35,"column":31},"end":{"line":35,"column":64}},{"start":{"line":35,"column":67},"end":{"line":35,"column":72}}],"line":35},"1":{"loc":{"start":{"line":37,"column":9},"end":{"line":44,"column":9}},"type":"binary-expr","locations":[{"start":{"line":37,"column":9},"end":{"line":37,"column":15}},{"start":{"line":38,"column":10},"end":{"line":43,"column":12}}],"line":37}},"s":{"0":0,"1":0,"2":3,"3":3,"4":3,"5":3,"6":2},"f":{"0":0,"1":0,"2":3},"b":{"0":[0,3],"1":[3,0]},"_coverageSchema":"332fd63041d2c1bcb487cc26dd0d5f7d97098a6c","hash":"498c3c412d0937ccab46a3e472d3f20ed48403a0"}
,"/Users/emilio/Desktop/image-search/src/components/Main.js": {"path":"/Users/emilio/Desktop/image-search/src/components/Main.js","statementMap":{"0":{"start":{"line":8,"column":13},"end":{"line":15,"column":1}},"1":{"start":{"line":9,"column":2},"end":{"line":14,"column":3}}},"fnMap":{"0":{"name":"(anonymous_0)","decl":{"start":{"line":8,"column":13},"end":{"line":8,"column":14}},"loc":{"start":{"line":8,"column":19},"end":{"line":15,"column":1}},"line":8}},"branchMap":{},"s":{"0":1,"1":2},"f":{"0":2},"b":{},"_coverageSchema":"332fd63041d2c1bcb487cc26dd0d5f7d97098a6c","hash":"5fb086a5aa76e23881d86c2bcd76a6fa9ddda65a"}
,"/Users/emilio/Desktop/image-search/src/components/SearchArea.js": {"path":"/Users/emilio/Desktop/image-search/src/components/SearchArea.js","statementMap":{"0":{"start":{"line":8,"column":19},"end":{"line":18,"column":1}},"1":{"start":{"line":9,"column":2},"end":{"line":17,"column":3}}},"fnMap":{"0":{"name":"(anonymous_0)","decl":{"start":{"line":8,"column":19},"end":{"line":8,"column":20}},"loc":{"start":{"line":8,"column":25},"end":{"line":18,"column":1}},"line":8}},"branchMap":{},"s":{"0":2,"1":3},"f":{"0":3},"b":{},"_coverageSchema":"332fd63041d2c1bcb487cc26dd0d5f7d97098a6c","hash":"ff673da855e9dba6d9bc4da63e710d9271cea62b"}
,"/Users/emilio/Desktop/image-search/src/config/constants.js": {"path":"/Users/emilio/Desktop/image-search/src/config/constants.js","statementMap":{"0":{"start":{"line":9,"column":30},"end":{"line":9,"column":64}},"1":{"start":{"line":10,"column":26},"end":{"line":10,"column":64}},"2":{"start":{"line":11,"column":29},"end":{"line":11,"column":51}},"3":{"start":{"line":12,"column":29},"end":{"line":12,"column":35}},"4":{"start":{"line":13,"column":39},"end":{"line":13,"column":42}},"5":{"start":{"line":14,"column":29},"end":{"line":14,"column":77}},"6":{"start":{"line":15,"column":31},"end":{"line":15,"column":35}},"7":{"start":{"line":18,"column":26},"end":{"line":18,"column":27}},"8":{"start":{"line":19,"column":26},"end":{"line":19,"column":27}},"9":{"start":{"line":21,"column":37},"end":{"line":21,"column":41}},"10":{"start":{"line":23,"column":25},"end":{"line":23,"column":37}}},"fnMap":{},"branchMap":{},"s":{"0":7,"1":7,"2":7,"3":7,"4":7,"5":7,"6":7,"7":7,"8":7,"9":7,"10":7},"f":{},"b":{},"_coverageSchema":"332fd63041d2c1bcb487cc26dd0d5f7d97098a6c","hash":"110a672930971f12ed9ead67f22fd0dc2ac3db74"}
,"/Users/emilio/Desktop/image-search/src/containers/ClearSearch.js": {"path":"/Users/emilio/Desktop/image-search/src/containers/ClearSearch.js","statementMap":{"0":{"start":{"line":9,"column":27},"end":{"line":24,"column":1}},"1":{"start":{"line":10,"column":22},"end":{"line":12,"column":3}},"2":{"start":{"line":11,"column":4},"end":{"line":11,"column":17}},"3":{"start":{"line":14,"column":2},"end":{"line":23,"column":3}},"4":{"start":{"line":27,"column":24},"end":{"line":31,"column":1}},"5":{"start":{"line":28,"column":2},"end":{"line":30,"column":3}},"6":{"start":{"line":34,"column":27},"end":{"line":38,"column":1}},"7":{"start":{"line":35,"column":2},"end":{"line":37,"column":3}},"8":{"start":{"line":36,"column":23},"end":{"line":36,"column":46}},"9":{"start":{"line":40,"column":0},"end":{"line":43,"column":1}}},"fnMap":{"0":{"name":"(anonymous_0)","decl":{"start":{"line":9,"column":27},"end":{"line":9,"column":28}},"loc":{"start":{"line":9,"column":55},"end":{"line":24,"column":1}},"line":9},"1":{"name":"(anonymous_1)","decl":{"start":{"line":10,"column":22},"end":{"line":10,"column":23}},"loc":{"start":{"line":10,"column":28},"end":{"line":12,"column":3}},"line":10},"2":{"name":"(anonymous_2)","decl":{"start":{"line":27,"column":24},"end":{"line":27,"column":25}},"loc":{"start":{"line":27,"column":33},"end":{"line":31,"column":1}},"line":27},"3":{"name":"(anonymous_3)","decl":{"start":{"line":34,"column":27},"end":{"line":34,"column":28}},"loc":{"start":{"line":34,"column":39},"end":{"line":38,"column":1}},"line":34},"4":{"name":"(anonymous_4)","decl":{"start":{"line":36,"column":17},"end":{"line":36,"column":18}},"loc":{"start":{"line":36,"column":23},"end":{"line":36,"column":46}},"line":36}},"branchMap":{},"s":{"0":1,"1":8,"2":1,"3":8,"4":1,"5":0,"6":1,"7":0,"8":0,"9":1},"f":{"0":8,"1":1,"2":0,"3":0,"4":0},"b":{},"_coverageSchema":"332fd63041d2c1bcb487cc26dd0d5f7d97098a6c","hash":"8113df6c6612ef2e4d703b784a3cfebf0c2702a3"}
,"/Users/emilio/Desktop/image-search/src/containers/Gallery.js": {"path":"/Users/emilio/Desktop/image-search/src/containers/Gallery.js","statementMap":{"0":{"start":{"line":16,"column":23},"end":{"line":72,"column":1}},"1":{"start":{"line":17,"column":27},"end":{"line":19,"column":3}},"2":{"start":{"line":18,"column":4},"end":{"line":18,"column":30}},"3":{"start":{"line":21,"column":2},"end":{"line":29,"column":3}},"4":{"start":{"line":22,"column":4},"end":{"line":28,"column":5}},"5":{"start":{"line":31,"column":2},"end":{"line":33,"column":3}},"6":{"start":{"line":32,"column":4},"end":{"line":32,"column":38}},"7":{"start":{"line":35,"column":15},"end":{"line":35,"column":27}},"8":{"start":{"line":37,"column":2},"end":{"line":39,"column":3}},"9":{"start":{"line":38,"column":4},"end":{"line":38,"column":58}},"10":{"start":{"line":41,"column":2},"end":{"line":71,"column":3}},"11":{"start":{"line":52,"column":10},"end":{"line":60,"column":12}},"12":{"start":{"line":74,"column":24},"end":{"line":76,"column":1}},"13":{"start":{"line":75,"column":2},"end":{"line":75,"column":40}},"14":{"start":{"line":78,"column":27},"end":{"line":86,"column":1}},"15":{"start":{"line":79,"column":2},"end":{"line":79,"column":54}},"16":{"start":{"line":88,"column":0},"end":{"line":94,"column":1}}},"fnMap":{"0":{"name":"(anonymous_0)","decl":{"start":{"line":16,"column":23},"end":{"line":16,"column":24}},"loc":{"start":{"line":16,"column":76},"end":{"line":72,"column":1}},"line":16},"1":{"name":"(anonymous_1)","decl":{"start":{"line":17,"column":27},"end":{"line":17,"column":28}},"loc":{"start":{"line":17,"column":35},"end":{"line":19,"column":3}},"line":17},"2":{"name":"(anonymous_2)","decl":{"start":{"line":51,"column":20},"end":{"line":51,"column":21}},"loc":{"start":{"line":52,"column":10},"end":{"line":60,"column":12}},"line":52},"3":{"name":"(anonymous_3)","decl":{"start":{"line":74,"column":24},"end":{"line":74,"column":25}},"loc":{"start":{"line":74,"column":33},"end":{"line":76,"column":1}},"line":74},"4":{"name":"(anonymous_4)","decl":{"start":{"line":78,"column":27},"end":{"line":78,"column":28}},"loc":{"start":{"line":78,"column":39},"end":{"line":86,"column":1}},"line":78}},"branchMap":{"0":{"loc":{"start":{"line":21,"column":2},"end":{"line":29,"column":3}},"type":"if","locations":[{"start":{"line":21,"column":2},"end":{"line":29,"column":3}},{"start":{"line":21,"column":2},"end":{"line":29,"column":3}}],"line":21},"1":{"loc":{"start":{"line":31,"column":2},"end":{"line":33,"column":3}},"type":"if","locations":[{"start":{"line":31,"column":2},"end":{"line":33,"column":3}},{"start":{"line":31,"column":2},"end":{"line":33,"column":3}}],"line":31},"2":{"loc":{"start":{"line":37,"column":2},"end":{"line":39,"column":3}},"type":"if","locations":[{"start":{"line":37,"column":2},"end":{"line":39,"column":3}},{"start":{"line":37,"column":2},"end":{"line":39,"column":3}}],"line":37}},"s":{"0":1,"1":8,"2":0,"3":8,"4":1,"5":7,"6":6,"7":1,"8":1,"9":1,"10":0,"11":0,"12":1,"13":0,"14":1,"15":0,"16":1},"f":{"0":8,"1":0,"2":0,"3":0,"4":0},"b":{"0":[1,7],"1":[6,1],"2":[1,0]},"_coverageSchema":"332fd63041d2c1bcb487cc26dd0d5f7d97098a6c","hash":"15798c80d365f7d5830dcea550589eeeedcebef6"}
,"/Users/emilio/Desktop/image-search/src/containers/Search.js": {"path":"/Users/emilio/Desktop/image-search/src/containers/Search.js","statementMap":{"0":{"start":{"line":11,"column":22},"end":{"line":38,"column":1}},"1":{"start":{"line":12,"column":23},"end":{"line":14,"column":3}},"2":{"start":{"line":13,"column":4},"end":{"line":13,"column":37}},"3":{"start":{"line":16,"column":23},"end":{"line":21,"column":3}},"4":{"start":{"line":17,"column":4},"end":{"line":17,"column":26}},"5":{"start":{"line":18,"column":4},"end":{"line":20,"column":5}},"6":{"start":{"line":19,"column":6},"end":{"line":19,"column":38}},"7":{"start":{"line":22,"column":2},"end":{"line":37,"column":3}},"8":{"start":{"line":40,"column":24},"end":{"line":44,"column":1}},"9":{"start":{"line":41,"column":2},"end":{"line":43,"column":3}},"10":{"start":{"line":46,"column":27},"end":{"line":48,"column":1}},"11":{"start":{"line":47,"column":2},"end":{"line":47,"column":69}},"12":{"start":{"line":50,"column":0},"end":{"line":54,"column":1}}},"fnMap":{"0":{"name":"(anonymous_0)","decl":{"start":{"line":11,"column":22},"end":{"line":11,"column":23}},"loc":{"start":{"line":11,"column":67},"end":{"line":38,"column":1}},"line":11},"1":{"name":"(anonymous_1)","decl":{"start":{"line":12,"column":23},"end":{"line":12,"column":24}},"loc":{"start":{"line":12,"column":32},"end":{"line":14,"column":3}},"line":12},"2":{"name":"(anonymous_2)","decl":{"start":{"line":16,"column":23},"end":{"line":16,"column":24}},"loc":{"start":{"line":16,"column":32},"end":{"line":21,"column":3}},"line":16},"3":{"name":"(anonymous_3)","decl":{"start":{"line":40,"column":24},"end":{"line":40,"column":25}},"loc":{"start":{"line":40,"column":33},"end":{"line":44,"column":1}},"line":40},"4":{"name":"(anonymous_4)","decl":{"start":{"line":46,"column":27},"end":{"line":46,"column":28}},"loc":{"start":{"line":46,"column":39},"end":{"line":48,"column":1}},"line":46}},"branchMap":{"0":{"loc":{"start":{"line":18,"column":4},"end":{"line":20,"column":5}},"type":"if","locations":[{"start":{"line":18,"column":4},"end":{"line":20,"column":5}},{"start":{"line":18,"column":4},"end":{"line":20,"column":5}}],"line":18}},"s":{"0":1,"1":5,"2":1,"3":5,"4":1,"5":1,"6":1,"7":5,"8":1,"9":0,"10":1,"11":0,"12":1},"f":{"0":5,"1":1,"2":1,"3":0,"4":0},"b":{"0":[1,0]},"_coverageSchema":"332fd63041d2c1bcb487cc26dd0d5f7d97098a6c","hash":"cc456eb5c7ac0381400e694d48f4e2d6b150dfc7"}
,"/Users/emilio/Desktop/image-search/src/containers/Status.js": {"path":"/Users/emilio/Desktop/image-search/src/containers/Status.js","statementMap":{"0":{"start":{"line":9,"column":22},"end":{"line":17,"column":1}},"1":{"start":{"line":10,"column":2},"end":{"line":12,"column":3}},"2":{"start":{"line":11,"column":4},"end":{"line":11,"column":15}},"3":{"start":{"line":15,"column":4},"end":{"line":15,"column":79}},"4":{"start":{"line":16,"column":2},"end":{"line":16,"column":68}},"5":{"start":{"line":19,"column":24},"end":{"line":23,"column":1}},"6":{"start":{"line":20,"column":2},"end":{"line":22,"column":3}},"7":{"start":{"line":25,"column":0},"end":{"line":27,"column":1}}},"fnMap":{"0":{"name":"(anonymous_0)","decl":{"start":{"line":9,"column":22},"end":{"line":9,"column":23}},"loc":{"start":{"line":9,"column":37},"end":{"line":17,"column":1}},"line":9},"1":{"name":"(anonymous_1)","decl":{"start":{"line":19,"column":24},"end":{"line":19,"column":25}},"loc":{"start":{"line":19,"column":33},"end":{"line":23,"column":1}},"line":19}},"branchMap":{"0":{"loc":{"start":{"line":10,"column":2},"end":{"line":12,"column":3}},"type":"if","locations":[{"start":{"line":10,"column":2},"end":{"line":12,"column":3}},{"start":{"line":10,"column":2},"end":{"line":12,"column":3}}],"line":10},"1":{"loc":{"start":{"line":15,"column":4},"end":{"line":15,"column":79}},"type":"cond-expr","locations":[{"start":{"line":15,"column":36},"end":{"line":15,"column":61}},{"start":{"line":15,"column":64},"end":{"line":15,"column":79}}],"line":15}},"s":{"0":1,"1":7,"2":0,"3":7,"4":7,"5":1,"6":0,"7":1},"f":{"0":7,"1":0},"b":{"0":[0,7],"1":[1,6]},"_coverageSchema":"332fd63041d2c1bcb487cc26dd0d5f7d97098a6c","hash":"7cbc03e2a979e4d5542431adaf3f20c7f43766dc"}
,"/Users/emilio/Desktop/image-search/src/reducers/search.js": {"path":"/Users/emilio/Desktop/image-search/src/reducers/search.js","statementMap":{"0":{"start":{"line":9,"column":21},"end":{"line":15,"column":1}},"1":{"start":{"line":17,"column":22},"end":{"line":51,"column":1}},"2":{"start":{"line":18,"column":2},"end":{"line":50,"column":3}},"3":{"start":{"line":20,"column":6},"end":{"line":23,"column":7}},"4":{"start":{"line":25,"column":6},"end":{"line":32,"column":7}},"5":{"start":{"line":34,"column":6},"end":{"line":38,"column":7}},"6":{"start":{"line":40,"column":6},"end":{"line":42,"column":7}},"7":{"start":{"line":44,"column":6},"end":{"line":47,"column":7}},"8":{"start":{"line":49,"column":6},"end":{"line":49,"column":18}}},"fnMap":{"0":{"name":"(anonymous_0)","decl":{"start":{"line":17,"column":22},"end":{"line":17,"column":23}},"loc":{"start":{"line":17,"column":56},"end":{"line":51,"column":1}},"line":17}},"branchMap":{"0":{"loc":{"start":{"line":17,"column":23},"end":{"line":17,"column":43}},"type":"default-arg","locations":[{"start":{"line":17,"column":31},"end":{"line":17,"column":43}}],"line":17},"1":{"loc":{"start":{"line":18,"column":2},"end":{"line":50,"column":3}},"type":"switch","locations":[{"start":{"line":19,"column":4},"end":{"line":23,"column":7}},{"start":{"line":24,"column":4},"end":{"line":32,"column":7}},{"start":{"line":33,"column":4},"end":{"line":38,"column":7}},{"start":{"line":39,"column":4},"end":{"line":42,"column":7}},{"start":{"line":43,"column":4},"end":{"line":47,"column":7}},{"start":{"line":48,"column":4},"end":{"line":49,"column":18}}],"line":18}},"s":{"0":1,"1":1,"2":6,"3":1,"4":1,"5":1,"6":1,"7":1,"8":1},"f":{"0":6},"b":{"0":[1],"1":[1,1,1,1,1,1]},"_coverageSchema":"332fd63041d2c1bcb487cc26dd0d5f7d97098a6c","hash":"e4e91517682897c0d84716650a19b6002833dcdd"}
,"/Users/emilio/Desktop/image-search/src/reducers/selectors.js": {"path":"/Users/emilio/Desktop/image-search/src/reducers/selectors.js","statementMap":{"0":{"start":{"line":4,"column":25},"end":{"line":4,"column":46}},"1":{"start":{"line":4,"column":34},"end":{"line":4,"column":46}},"2":{"start":{"line":6,"column":40},"end":{"line":16,"column":1}},"3":{"start":{"line":9,"column":4},"end":{"line":14,"column":5}},"4":{"start":{"line":18,"column":32},"end":{"line":18,"column":60}},"5":{"start":{"line":18,"column":41},"end":{"line":18,"column":60}},"6":{"start":{"line":20,"column":47},"end":{"line":23,"column":1}},"7":{"start":{"line":22,"column":12},"end":{"line":22,"column":24}}},"fnMap":{"0":{"name":"(anonymous_0)","decl":{"start":{"line":4,"column":25},"end":{"line":4,"column":26}},"loc":{"start":{"line":4,"column":34},"end":{"line":4,"column":46}},"line":4},"1":{"name":"(anonymous_1)","decl":{"start":{"line":8,"column":2},"end":{"line":8,"column":3}},"loc":{"start":{"line":8,"column":12},"end":{"line":15,"column":3}},"line":8},"2":{"name":"(anonymous_2)","decl":{"start":{"line":18,"column":32},"end":{"line":18,"column":33}},"loc":{"start":{"line":18,"column":41},"end":{"line":18,"column":60}},"line":18},"3":{"name":"(anonymous_3)","decl":{"start":{"line":22,"column":2},"end":{"line":22,"column":3}},"loc":{"start":{"line":22,"column":12},"end":{"line":22,"column":24}},"line":22}},"branchMap":{},"s":{"0":4,"1":0,"2":4,"3":1,"4":4,"5":0,"6":4,"7":1},"f":{"0":0,"1":1,"2":0,"3":1},"b":{},"_coverageSchema":"332fd63041d2c1bcb487cc26dd0d5f7d97098a6c","hash":"7132112a3e4d4af5d93e1a152fdbf5ead8988efe"}
,"/Users/emilio/Desktop/image-search/src/utils/index.js": {"path":"/Users/emilio/Desktop/image-search/src/utils/index.js","statementMap":{"0":{"start":{"line":11,"column":33},"end":{"line":20,"column":1}},"1":{"start":{"line":12,"column":2},"end":{"line":19,"column":26}}},"fnMap":{"0":{"name":"(anonymous_0)","decl":{"start":{"line":11,"column":33},"end":{"line":11,"column":34}},"loc":{"start":{"line":11,"column":52},"end":{"line":20,"column":1}},"line":11}},"branchMap":{},"s":{"0":5,"1":3},"f":{"0":3},"b":{},"_coverageSchema":"332fd63041d2c1bcb487cc26dd0d5f7d97098a6c","hash":"ba89ee3cc0d128bf34414a563a96f2a931c168ed"}
}
