TN:
SF:/Users/emilio/Desktop/image-search/src/actions/index.js
FN:13,(anonymous_0)
FN:20,(anonymous_1)
FN:20,(anonymous_2)
FN:24,(anonymous_3)
FN:27,(anonymous_4)
FN:32,(anonymous_5)
FN:36,(anonymous_6)
FN:45,(anonymous_7)
FN:52,(anonymous_8)
FNF:9
FNH:9
FNDA:1,(anonymous_0)
FNDA:2,(anonymous_1)
FNDA:2,(anonymous_2)
FNDA:1,(anonymous_3)
FNDA:1,(anonymous_4)
FNDA:2,(anonymous_5)
FNDA:1,(anonymous_6)
FNDA:1,(anonymous_7)
FNDA:1,(anonymous_8)
DA:13,4
DA:20,4
DA:21,2
DA:22,2
DA:25,1
DA:28,1
DA:32,4
DA:36,4
DA:45,4
DA:52,4
LF:10
LH:10
BRF:0
BRH:0
end_of_record
TN:
SF:/Users/emilio/Desktop/image-search/src/actions/types.js
FNF:0
FNH:0
DA:1,5
DA:2,5
DA:3,5
DA:4,5
DA:5,5
LF:5
LH:5
BRF:0
BRH:0
end_of_record
TN:
SF:/Users/emilio/Desktop/image-search/src/components/App.js
FN:7,(anonymous_0)
FNF:1
FNH:1
FNDA:2,(anonymous_0)
DA:7,1
DA:8,2
LF:2
LH:2
BRF:0
BRH:0
end_of_record
TN:
SF:/Users/emilio/Desktop/image-search/src/components/Footer.js
FN:5,(anonymous_0)
FNF:1
FNH:1
FNDA:3,(anonymous_0)
DA:5,2
DA:6,3
LF:2
LH:2
BRF:0
BRH:0
end_of_record
TN:
SF:/Users/emilio/Desktop/image-search/src/components/Header.js
FN:5,(anonymous_0)
FNF:1
FNH:1
FNDA:3,(anonymous_0)
DA:5,2
DA:6,3
LF:2
LH:2
BRF:0
BRH:0
end_of_record
TN:
SF:/Users/emilio/Desktop/image-search/src/components/Image.js
FN:15,(anonymous_0)
FN:19,(anonymous_1)
FN:23,(anonymous_2)
FNF:3
FNH:1
FNDA:0,(anonymous_0)
FNDA:0,(anonymous_1)
FNDA:3,(anonymous_2)
DA:16,0
DA:20,0
DA:24,3
DA:25,3
DA:27,3
DA:29,3
DA:50,2
LF:7
LH:5
BRDA:35,0,0,0
BRDA:35,0,1,3
BRDA:37,1,0,3
BRDA:37,1,1,0
BRF:4
BRH:2
end_of_record
TN:
SF:/Users/emilio/Desktop/image-search/src/components/Main.js
FN:8,(anonymous_0)
FNF:1
FNH:1
FNDA:2,(anonymous_0)
DA:8,1
DA:9,2
LF:2
LH:2
BRF:0
BRH:0
end_of_record
TN:
SF:/Users/emilio/Desktop/image-search/src/components/SearchArea.js
FN:8,(anonymous_0)
FNF:1
FNH:1
FNDA:3,(anonymous_0)
DA:8,2
DA:9,3
LF:2
LH:2
BRF:0
BRH:0
end_of_record
TN:
SF:/Users/emilio/Desktop/image-search/src/config/constants.js
FNF:0
FNH:0
DA:9,7
DA:10,7
DA:11,7
DA:12,7
DA:13,7
DA:14,7
DA:15,7
DA:18,7
DA:19,7
DA:21,7
DA:23,7
LF:11
LH:11
BRF:0
BRH:0
end_of_record
TN:
SF:/Users/emilio/Desktop/image-search/src/containers/ClearSearch.js
FN:9,(anonymous_0)
FN:10,(anonymous_1)
FN:27,(anonymous_2)
FN:34,(anonymous_3)
FN:36,(anonymous_4)
FNF:5
FNH:2
FNDA:8,(anonymous_0)
FNDA:1,(anonymous_1)
FNDA:0,(anonymous_2)
FNDA:0,(anonymous_3)
FNDA:0,(anonymous_4)
DA:9,1
DA:10,8
DA:11,1
DA:14,8
DA:27,1
DA:28,0
DA:34,1
DA:35,0
DA:36,0
DA:40,1
LF:10
LH:7
BRF:0
BRH:0
end_of_record
TN:
SF:/Users/emilio/Desktop/image-search/src/containers/Gallery.js
FN:16,(anonymous_0)
FN:17,(anonymous_1)
FN:51,(anonymous_2)
FN:74,(anonymous_3)
FN:78,(anonymous_4)
FNF:5
FNH:1
FNDA:8,(anonymous_0)
FNDA:0,(anonymous_1)
FNDA:0,(anonymous_2)
FNDA:0,(anonymous_3)
FNDA:0,(anonymous_4)
DA:16,1
DA:17,8
DA:18,0
DA:21,8
DA:22,1
DA:31,7
DA:32,6
DA:35,1
DA:37,1
DA:38,1
DA:41,0
DA:52,0
DA:74,1
DA:75,0
DA:78,1
DA:79,0
DA:88,1
LF:17
LH:12
BRDA:21,0,0,1
BRDA:21,0,1,7
BRDA:31,1,0,6
BRDA:31,1,1,1
BRDA:37,2,0,1
BRDA:37,2,1,0
BRF:6
BRH:5
end_of_record
TN:
SF:/Users/emilio/Desktop/image-search/src/containers/Search.js
FN:11,(anonymous_0)
FN:12,(anonymous_1)
FN:16,(anonymous_2)
FN:40,(anonymous_3)
FN:46,(anonymous_4)
FNF:5
FNH:3
FNDA:5,(anonymous_0)
FNDA:1,(anonymous_1)
FNDA:1,(anonymous_2)
FNDA:0,(anonymous_3)
FNDA:0,(anonymous_4)
DA:11,1
DA:12,5
DA:13,1
DA:16,5
DA:17,1
DA:18,1
DA:19,1
DA:22,5
DA:40,1
DA:41,0
DA:46,1
DA:47,0
DA:50,1
LF:13
LH:11
BRDA:18,0,0,1
BRDA:18,0,1,0
BRF:2
BRH:1
end_of_record
TN:
SF:/Users/emilio/Desktop/image-search/src/containers/Status.js
FN:9,(anonymous_0)
FN:19,(anonymous_1)
FNF:2
FNH:1
FNDA:7,(anonymous_0)
FNDA:0,(anonymous_1)
DA:9,1
DA:10,7
DA:11,0
DA:15,7
DA:16,7
DA:19,1
DA:20,0
DA:25,1
LF:8
LH:6
BRDA:10,0,0,0
BRDA:10,0,1,7
BRDA:15,1,0,1
BRDA:15,1,1,6
BRF:4
BRH:3
end_of_record
TN:
SF:/Users/emilio/Desktop/image-search/src/reducers/search.js
FN:17,(anonymous_0)
FNF:1
FNH:1
FNDA:6,(anonymous_0)
DA:9,1
DA:17,1
DA:18,6
DA:20,1
DA:25,1
DA:34,1
DA:40,1
DA:44,1
DA:49,1
LF:9
LH:9
BRDA:17,0,0,1
BRDA:18,1,0,1
BRDA:18,1,1,1
BRDA:18,1,2,1
BRDA:18,1,3,1
BRDA:18,1,4,1
BRDA:18,1,5,1
BRF:7
BRH:7
end_of_record
TN:
SF:/Users/emilio/Desktop/image-search/src/reducers/selectors.js
FN:4,(anonymous_0)
FN:8,(anonymous_1)
FN:18,(anonymous_2)
FN:22,(anonymous_3)
FNF:4
FNH:2
FNDA:0,(anonymous_0)
FNDA:1,(anonymous_1)
FNDA:0,(anonymous_2)
FNDA:1,(anonymous_3)
DA:4,4
DA:6,4
DA:9,1
DA:18,4
DA:20,4
DA:22,1
LF:6
LH:6
BRF:0
BRH:0
end_of_record
TN:
SF:/Users/emilio/Desktop/image-search/src/utils/index.js
FN:11,(anonymous_0)
FNF:1
FNH:1
FNDA:3,(anonymous_0)
DA:11,5
DA:12,3
LF:2
LH:2
BRF:0
BRH:0
end_of_record
